<?xml version="1.0" encoding="UTF-8"?>
<!-- Generated by org.testng.reporters.JUnitReportReporter -->
<testsuite hostname="DESKTOP-U61G2IH" failures="0" tests="2" name="com.qa.automation.MavenTestCase1" time="0.024" errors="0" timestamp="27 May 2023 13:49:39 GMT" skipped="0">
  <testcase classname="com.qa.automation.MavenTestCase1" name="m2" time="0.015"/>
  <testcase classname="com.qa.automation.MavenTestCase1" name="m1" time="0.009"/>
</testsuite> <!-- com.qa.automation.MavenTestCase1 -->
